2021-06-12 19:01:21 INFO     ==================================================
2021-06-12 19:01:21 INFO     RNG seed set
2021-06-12 19:01:21 CRITICAL MAX_EPOCHS = 30
2021-06-12 19:01:21 CRITICAL BATCH_SIZE = 64
2021-06-12 19:01:21 CRITICAL FINE_TUNING = False
2021-06-12 19:01:21 INFO     Loading data
2021-06-12 19:01:22 INFO     Normalizing images
2021-06-12 19:01:22 INFO     Splitting data
2021-06-12 19:01:22 INFO     Number of train examples: 57000
2021-06-12 19:01:22 INFO     Number of validation examples: 3000
2021-06-12 19:01:22 INFO     Number of test examples: 10000
2021-06-12 19:01:22 DEBUG    x_train.shape = (57000, 28, 28, 1)
2021-06-12 19:01:22 DEBUG    y_train.shape = (57000, 1)
2021-06-12 19:01:22 DEBUG    x_val.shape = (3000, 28, 28, 1)
2021-06-12 19:01:22 DEBUG    y_val.shape = (3000, 1)
2021-06-12 19:01:22 DEBUG    x_test.shape = (10000, 28, 28, 1)
2021-06-12 19:01:22 DEBUG    y_test.shape = (10000, 1)
2021-06-12 19:01:22 INFO     Creating tf.data.Dataset
2021-06-12 19:01:24 INFO     Starting Hyperband search of MAX_EPOCHS = 30
2021-06-13 00:52:07 INFO     Hyperband search finished
2021-06-13 00:52:08 CRITICAL conv_units1: 160
2021-06-13 00:52:08 CRITICAL conv_units2: 64
2021-06-13 00:52:08 CRITICAL conv_units3: 96
2021-06-13 00:52:08 CRITICAL dense_units1: 384
2021-06-13 00:52:08 CRITICAL lr: 0.00029484005646072075
2021-06-13 00:52:08 CRITICAL tuner/epochs: 30
2021-06-13 00:52:08 CRITICAL tuner/initial_epoch: 0
2021-06-13 00:52:08 CRITICAL tuner/bracket: 0
2021-06-13 00:52:08 CRITICAL tuner/round: 0
2021-06-13 00:52:17 CRITICAL model_train_f1_score = 0.9850
2021-06-13 00:52:18 CRITICAL model_val_f1_score = 0.9298
2021-06-13 00:52:19 CRITICAL model_test_f1_score = 0.9168
2021-06-13 00:52:28 CRITICAL model_train_error_pct = 1.4982 %
2021-06-13 00:52:29 CRITICAL model_val_error_pct = 7.0333 %
2021-06-13 00:52:30 CRITICAL model_test_error_pct = 8.3100 %
2021-06-13 00:52:30 CRITICAL Best model saved
2021-06-13 00:52:30 DEBUG    Model: "initial_hyper_model"
2021-06-13 00:52:30 DEBUG    _________________________________________________________________
2021-06-13 00:52:30 DEBUG    Layer (type)                 Output Shape              Param #   
2021-06-13 00:52:30 DEBUG    =================================================================
2021-06-13 00:52:30 DEBUG    conv1 (Conv2D)               (None, 28, 28, 160)       1440      
2021-06-13 00:52:30 DEBUG    _________________________________________________________________
2021-06-13 00:52:30 DEBUG    conv1_bn (BatchNormalization (None, 28, 28, 160)       640       
2021-06-13 00:52:30 DEBUG    _________________________________________________________________
2021-06-13 00:52:30 DEBUG    activation (Activation)      (None, 28, 28, 160)       0         
2021-06-13 00:52:30 DEBUG    _________________________________________________________________
2021-06-13 00:52:30 DEBUG    maxpool1 (MaxPooling2D)      (None, 14, 14, 160)       0         
2021-06-13 00:52:30 DEBUG    _________________________________________________________________
2021-06-13 00:52:30 DEBUG    conv2 (Conv2D)               (None, 14, 14, 64)        92160     
2021-06-13 00:52:30 DEBUG    _________________________________________________________________
2021-06-13 00:52:30 DEBUG    conv2_bn (BatchNormalization (None, 14, 14, 64)        256       
2021-06-13 00:52:30 DEBUG    _________________________________________________________________
2021-06-13 00:52:30 DEBUG    activation_1 (Activation)    (None, 14, 14, 64)        0         
2021-06-13 00:52:30 DEBUG    _________________________________________________________________
2021-06-13 00:52:30 DEBUG    maxpool2 (MaxPooling2D)      (None, 7, 7, 64)          0         
2021-06-13 00:52:30 DEBUG    _________________________________________________________________
2021-06-13 00:52:30 DEBUG    conv3 (Conv2D)               (None, 7, 7, 96)          55296     
2021-06-13 00:52:30 DEBUG    _________________________________________________________________
2021-06-13 00:52:30 DEBUG    conv3_bn (BatchNormalization (None, 7, 7, 96)          384       
2021-06-13 00:52:30 DEBUG    _________________________________________________________________
2021-06-13 00:52:30 DEBUG    activation_2 (Activation)    (None, 7, 7, 96)          0         
2021-06-13 00:52:30 DEBUG    _________________________________________________________________
2021-06-13 00:52:30 DEBUG    maxpool3 (MaxPooling2D)      (None, 3, 3, 96)          0         
2021-06-13 00:52:30 DEBUG    _________________________________________________________________
2021-06-13 00:52:30 DEBUG    flatten (Flatten)            (None, 864)               0         
2021-06-13 00:52:30 DEBUG    _________________________________________________________________
2021-06-13 00:52:30 DEBUG    dense1 (Dense)               (None, 384)               331776    
2021-06-13 00:52:30 DEBUG    _________________________________________________________________
2021-06-13 00:52:30 DEBUG    dense1_bn (BatchNormalizatio (None, 384)               1536      
2021-06-13 00:52:30 DEBUG    _________________________________________________________________
2021-06-13 00:52:30 DEBUG    activation_3 (Activation)    (None, 384)               0         
2021-06-13 00:52:30 DEBUG    _________________________________________________________________
2021-06-13 00:52:30 DEBUG    output (Dense)               (None, 10)                3850      
2021-06-13 00:52:30 DEBUG    =================================================================
2021-06-13 00:52:30 DEBUG    Total params: 487,338
2021-06-13 00:52:30 DEBUG    Trainable params: 485,930
2021-06-13 00:52:30 DEBUG    Non-trainable params: 1,408
2021-06-13 00:52:30 DEBUG    _________________________________________________________________
2021-06-13 00:52:30 INFO     ==================================================
