2021-06-20 13:33:12 INFO     ==================================================
2021-06-20 13:33:12 INFO     RNG seed set
2021-06-20 13:33:12 CRITICAL EPOCHS = 15
2021-06-20 13:33:12 CRITICAL BATCH_SIZE = 64
2021-06-20 13:33:12 INFO     Loading data
2021-06-20 13:33:13 INFO     Normalizing images
2021-06-20 13:33:13 INFO     Splitting data
2021-06-20 13:33:13 INFO     Number of train examples: 57000
2021-06-20 13:33:13 INFO     Number of validation examples: 3000
2021-06-20 13:33:13 INFO     Number of test examples: 10000
2021-06-20 13:33:13 DEBUG    x_train.shape = (57000, 28, 28, 1)
2021-06-20 13:33:13 DEBUG    y_train.shape = (57000, 1)
2021-06-20 13:33:13 DEBUG    x_val.shape = (3000, 28, 28, 1)
2021-06-20 13:33:13 DEBUG    y_val.shape = (3000, 1)
2021-06-20 13:33:13 DEBUG    x_test.shape = (10000, 28, 28, 1)
2021-06-20 13:33:13 DEBUG    y_test.shape = (10000, 1)
2021-06-20 13:33:13 INFO     Creating tf.data.Dataset
2021-06-20 13:33:14 INFO     Building model
2021-06-20 13:33:14 DEBUG    Model: "train_model"
2021-06-20 13:33:14 DEBUG    _________________________________________________________________
2021-06-20 13:33:14 DEBUG    Layer (type)                 Output Shape              Param #   
2021-06-20 13:33:14 DEBUG    =================================================================
2021-06-20 13:33:14 DEBUG    conv1 (Conv2D)               (None, 28, 28, 128)       1152      
2021-06-20 13:33:14 DEBUG    _________________________________________________________________
2021-06-20 13:33:14 DEBUG    conv1_bn (BatchNormalization (None, 28, 28, 128)       512       
2021-06-20 13:33:14 DEBUG    _________________________________________________________________
2021-06-20 13:33:14 DEBUG    activation (Activation)      (None, 28, 28, 128)       0         
2021-06-20 13:33:14 DEBUG    _________________________________________________________________
2021-06-20 13:33:14 DEBUG    maxpool1 (MaxPooling2D)      (None, 14, 14, 128)       0         
2021-06-20 13:33:14 DEBUG    _________________________________________________________________
2021-06-20 13:33:14 DEBUG    conv2 (Conv2D)               (None, 14, 14, 64)        73728     
2021-06-20 13:33:14 DEBUG    _________________________________________________________________
2021-06-20 13:33:14 DEBUG    conv2_bn (BatchNormalization (None, 14, 14, 64)        256       
2021-06-20 13:33:14 DEBUG    _________________________________________________________________
2021-06-20 13:33:14 DEBUG    activation_1 (Activation)    (None, 14, 14, 64)        0         
2021-06-20 13:33:14 DEBUG    _________________________________________________________________
2021-06-20 13:33:14 DEBUG    maxpool2 (MaxPooling2D)      (None, 7, 7, 64)          0         
2021-06-20 13:33:14 DEBUG    _________________________________________________________________
2021-06-20 13:33:14 DEBUG    conv3 (Conv2D)               (None, 7, 7, 128)         73728     
2021-06-20 13:33:14 DEBUG    _________________________________________________________________
2021-06-20 13:33:14 DEBUG    conv3_bn (BatchNormalization (None, 7, 7, 128)         512       
2021-06-20 13:33:14 DEBUG    _________________________________________________________________
2021-06-20 13:33:14 DEBUG    activation_2 (Activation)    (None, 7, 7, 128)         0         
2021-06-20 13:33:14 DEBUG    _________________________________________________________________
2021-06-20 13:33:14 DEBUG    maxpool3 (MaxPooling2D)      (None, 3, 3, 128)         0         
2021-06-20 13:33:14 DEBUG    _________________________________________________________________
2021-06-20 13:33:14 DEBUG    flatten (Flatten)            (None, 1152)              0         
2021-06-20 13:33:14 DEBUG    _________________________________________________________________
2021-06-20 13:33:14 DEBUG    dense1 (Dense)               (None, 256)               294912    
2021-06-20 13:33:14 DEBUG    _________________________________________________________________
2021-06-20 13:33:14 DEBUG    dense1_bn (BatchNormalizatio (None, 256)               1024      
2021-06-20 13:33:14 DEBUG    _________________________________________________________________
2021-06-20 13:33:14 DEBUG    activation_3 (Activation)    (None, 256)               0         
2021-06-20 13:33:14 DEBUG    _________________________________________________________________
2021-06-20 13:33:14 DEBUG    output (Dense)               (None, 10)                2570      
2021-06-20 13:33:14 DEBUG    =================================================================
2021-06-20 13:33:14 DEBUG    Total params: 448,394
2021-06-20 13:33:14 DEBUG    Trainable params: 447,242
2021-06-20 13:33:14 DEBUG    Non-trainable params: 1,152
2021-06-20 13:33:14 DEBUG    _________________________________________________________________
2021-06-20 13:33:14 INFO     Training started
2021-06-20 13:36:52 INFO     Training finished
2021-06-20 13:37:01 CRITICAL model_train_f1_score = 0.9481
2021-06-20 13:37:01 CRITICAL model_val_f1_score = 0.9156
2021-06-20 13:37:03 CRITICAL model_test_f1_score = 0.9068
2021-06-20 13:37:11 CRITICAL model_train_error_pct = 5.2333 %
2021-06-20 13:37:11 CRITICAL model_val_error_pct = 8.5000 %
2021-06-20 13:37:12 CRITICAL model_test_error_pct = 9.4000 %
2021-06-20 13:37:12 INFO     Created ./models/1624176194_3026755
2021-06-20 13:37:14 INFO     Classification Report saved
2021-06-20 13:37:15 INFO     Confusion Matrix saved
2021-06-20 13:37:16 INFO     Model architecture saved
2021-06-20 13:37:16 CRITICAL Model saved
2021-06-20 13:37:16 CRITICAL Model configs saved
2021-06-20 13:37:16 CRITICAL Model weights saved
2021-06-20 13:37:16 INFO     ==================================================
